C:\USERS\CHARLES R. HARDNETT\DOCUMENTS\VISUAL STUDIO 2010\PROJECTS\HIGH RESOLUTION TIMING\DEBUG\HIGH RESOLUTION TIMING.EXE
C:\USERS\CHARLES R. HARDNETT\DOCUMENTS\VISUAL STUDIO 2010\PROJECTS\HIGH RESOLUTION TIMING\DEBUG\HIGH RESOLUTION TIMING.ILK
C:\USERS\CHARLES R. HARDNETT\DOCUMENTS\VISUAL STUDIO 2010\PROJECTS\HIGH RESOLUTION TIMING\DEBUG\HIGH RESOLUTION TIMING.PDB
C:\USERS\CHARLES R. HARDNETT\DOCUMENTS\VISUAL STUDIO 2010\PROJECTS\HIGH RESOLUTION TIMING\HIGH RESOLUTION TIMING\DEBUG\.NETFRAMEWORK,VERSION=V4.0.ASSEMBLYATTRIBUTES.OBJ
c:\Users\charles r. hardnett\documents\visual studio 2010\Projects\High Resolution Timing\High Resolution Timing\Debug\cl.command.1.tlog
c:\Users\charles r. hardnett\documents\visual studio 2010\Projects\High Resolution Timing\High Resolution Timing\Debug\CL.read.1.tlog
c:\Users\charles r. hardnett\documents\visual studio 2010\Projects\High Resolution Timing\High Resolution Timing\Debug\CL.write.1.tlog
C:\USERS\CHARLES R. HARDNETT\DOCUMENTS\VISUAL STUDIO 2010\PROJECTS\HIGH RESOLUTION TIMING\HIGH RESOLUTION TIMING\DEBUG\HIGH RESOLUTION TIMING.EXE.INTERMEDIATE.MANIFEST
c:\Users\charles r. hardnett\documents\visual studio 2010\Projects\High Resolution Timing\High Resolution Timing\Debug\link.1012.read.1.tlog
c:\Users\charles r. hardnett\documents\visual studio 2010\Projects\High Resolution Timing\High Resolution Timing\Debug\link.1012.write.1.tlog
c:\Users\charles r. hardnett\documents\visual studio 2010\Projects\High Resolution Timing\High Resolution Timing\Debug\link.1648.read.1.tlog
c:\Users\charles r. hardnett\documents\visual studio 2010\Projects\High Resolution Timing\High Resolution Timing\Debug\link.1648.write.1.tlog
c:\Users\charles r. hardnett\documents\visual studio 2010\Projects\High Resolution Timing\High Resolution Timing\Debug\link.1812.read.1.tlog
c:\Users\charles r. hardnett\documents\visual studio 2010\Projects\High Resolution Timing\High Resolution Timing\Debug\link.1812.write.1.tlog
c:\Users\charles r. hardnett\documents\visual studio 2010\Projects\High Resolution Timing\High Resolution Timing\Debug\link.2908.read.1.tlog
c:\Users\charles r. hardnett\documents\visual studio 2010\Projects\High Resolution Timing\High Resolution Timing\Debug\link.2908.write.1.tlog
c:\Users\charles r. hardnett\documents\visual studio 2010\Projects\High Resolution Timing\High Resolution Timing\Debug\link.command.1.tlog
c:\Users\charles r. hardnett\documents\visual studio 2010\Projects\High Resolution Timing\High Resolution Timing\Debug\link.read.1.tlog
c:\Users\charles r. hardnett\documents\visual studio 2010\Projects\High Resolution Timing\High Resolution Timing\Debug\link.write.1.tlog
C:\USERS\CHARLES R. HARDNETT\DOCUMENTS\VISUAL STUDIO 2010\PROJECTS\HIGH RESOLUTION TIMING\HIGH RESOLUTION TIMING\DEBUG\MAIN.OBJ
c:\Users\charles r. hardnett\documents\visual studio 2010\Projects\High Resolution Timing\High Resolution Timing\Debug\mt.command.1.tlog
c:\Users\charles r. hardnett\documents\visual studio 2010\Projects\High Resolution Timing\High Resolution Timing\Debug\mt.read.1.tlog
c:\Users\charles r. hardnett\documents\visual studio 2010\Projects\High Resolution Timing\High Resolution Timing\Debug\mt.write.1.tlog
C:\USERS\CHARLES R. HARDNETT\DOCUMENTS\VISUAL STUDIO 2010\PROJECTS\HIGH RESOLUTION TIMING\HIGH RESOLUTION TIMING\DEBUG\STOPWATCH.OBJ
C:\USERS\CHARLES R. HARDNETT\DOCUMENTS\VISUAL STUDIO 2010\PROJECTS\HIGH RESOLUTION TIMING\HIGH RESOLUTION TIMING\DEBUG\VC100.PDB
