Build started 9/18/2012 4:20:18 PM.
     1>Project "C:\Users\Kim\Downloads\School\C++ 2\High Resolution Timing\High Resolution Timing\High Resolution Timing.vcxproj" on node 2 (build target(s)).
     1>InitializeBuildStatus:
         Creating "Debug\High Resolution Timing.unsuccessfulbuild" because "AlwaysCreate" was specified.
       GenerateTargetFrameworkMonikerAttribute:
       Skipping target "GenerateTargetFrameworkMonikerAttribute" because all output files are up-to-date with respect to the input files.
       ClCompile:
         c:\Program Files (x86)\Microsoft Visual Studio 10.0\VC\bin\CL.exe /c /AI"C:\Program Files (x86)\Reference Assemblies\Microsoft\Framework\.NETFramework\v4.0" /Zi /clr /nologo /W3 /WX- /Od /Oy- /D WIN32 /D _DEBUG /D _UNICODE /D UNICODE /EHa /MDd /GS /fp:precise /Zc:wchar_t /Zc:forScope /Fo"Debug\\" /Fd"Debug\vc100.pdb" /TP /FU"C:\Program Files (x86)\Reference Assemblies\Microsoft\Framework\.NETFramework\v4.0\System.Core.dll" /analyze- /errorReport:prompt classwork.cpp /clr:nostdlib 
         classwork.cpp
         All outputs are up-to-date.
         All outputs are up-to-date.
       Link:
         c:\Program Files (x86)\Microsoft Visual Studio 10.0\VC\bin\link.exe /ERRORREPORT:PROMPT /OUT:"C:\Users\Kim\Downloads\School\C++ 2\High Resolution Timing\Debug\High Resolution Timing.exe" /INCREMENTAL /NOLOGO /MANIFEST /ManifestFile:"Debug\High Resolution Timing.exe.intermediate.manifest" /MANIFESTUAC:"level='asInvoker' uiAccess='false'" /DEBUG /PDB:"C:\Users\Kim\Downloads\School\C++ 2\High Resolution Timing\Debug\High Resolution Timing.pdb" /ASSEMBLYDEBUG /TLBID:1 /DYNAMICBASE /FIXED:NO /NXCOMPAT /MACHINE:X86 Debug\classwork.obj
         Debug\StopWatch.obj
         "Debug\.NETFramework,Version=v4.0.AssemblyAttributes.obj"
         High Resolution Timing.vcxproj -> C:\Users\Kim\Downloads\School\C++ 2\High Resolution Timing\Debug\High Resolution Timing.exe
       Manifest:
         C:\Program Files (x86)\Microsoft SDKs\Windows\v7.0A\bin\mt.exe /nologo /verbose /outputresource:"C:\Users\Kim\Downloads\School\C++ 2\High Resolution Timing\Debug\High Resolution Timing.exe;#1" /manifest "Debug\High Resolution Timing.exe.intermediate.manifest"
       FinalizeBuildStatus:
         Deleting file "Debug\High Resolution Timing.unsuccessfulbuild".
         Touching "Debug\High Resolution Timing.lastbuildstate".
     1>Done Building Project "C:\Users\Kim\Downloads\School\C++ 2\High Resolution Timing\High Resolution Timing\High Resolution Timing.vcxproj" (build target(s)).

Build succeeded.

Time Elapsed 00:00:01.77
