Build started 9/4/2012 6:19:07 AM.
     1>Project "C:\Users\Kim\Downloads\School\C++ 2\Cash Register\Cash Register\Cash Register.vcxproj" on node 2 (build target(s)).
     1>InitializeBuildStatus:
         Creating "Debug\Cash Register.unsuccessfulbuild" because "AlwaysCreate" was specified.
       ClCompile:
         c:\Program Files (x86)\Microsoft Visual Studio 10.0\VC\bin\CL.exe /c /ZI /nologo /W3 /WX- /Od /Oy- /D _MBCS /Gm /EHsc /RTC1 /MDd /GS /fp:precise /Zc:wchar_t /Zc:forScope /Fo"Debug\\" /Fd"Debug\vc100.pdb" /Gd /TP /analyze- /errorReport:prompt CashRegister.cpp
         CashRegister.cpp
       Link:
         c:\Program Files (x86)\Microsoft Visual Studio 10.0\VC\bin\link.exe /ERRORREPORT:PROMPT /OUT:"C:\Users\Kim\Downloads\School\C++ 2\Cash Register\Debug\Cash Register.exe" /NOLOGO kernel32.lib user32.lib gdi32.lib winspool.lib comdlg32.lib advapi32.lib shell32.lib ole32.lib oleaut32.lib uuid.lib odbc32.lib odbccp32.lib /MANIFEST /ManifestFile:"Debug\Cash Register.exe.intermediate.manifest" /MANIFESTUAC:"level='asInvoker' uiAccess='false'" /DEBUG /PDB:"C:\Users\Kim\Downloads\School\C++ 2\Cash Register\Debug\Cash Register.pdb" /TLBID:1 /DYNAMICBASE /NXCOMPAT /IMPLIB:"C:\Users\Kim\Downloads\School\C++ 2\Cash Register\Debug\Cash Register.lib" /MACHINE:X86 Debug\CashRegister.obj
         "Debug\Checkout Test.obj"
         Debug\InventoryItem.obj
         LINK : C:\Users\Kim\Downloads\School\C++ 2\Cash Register\Debug\Cash Register.exe not found or not built by the last incremental link; performing full link
         Cash Register.vcxproj -> C:\Users\Kim\Downloads\School\C++ 2\Cash Register\Debug\Cash Register.exe
       Manifest:
         C:\Program Files (x86)\Microsoft SDKs\Windows\v7.0A\bin\mt.exe /nologo /verbose /outputresource:"C:\Users\Kim\Downloads\School\C++ 2\Cash Register\Debug\Cash Register.exe;#1" /manifest "Debug\Cash Register.exe.intermediate.manifest"
       FinalizeBuildStatus:
         Deleting file "Debug\Cash Register.unsuccessfulbuild".
         Touching "Debug\Cash Register.lastbuildstate".
     1>Done Building Project "C:\Users\Kim\Downloads\School\C++ 2\Cash Register\Cash Register\Cash Register.vcxproj" (build target(s)).

Build succeeded.

Time Elapsed 00:00:01.50
