Build started 9/18/2012 4:13:58 PM.
     1>Project "C:\Users\Kim\Downloads\School\C++ 2\Swatches\Swatches\Swatches.vcxproj" on node 2 (Build target(s)).
     1>InitializeBuildStatus:
         Creating "Debug\Swatches.unsuccessfulbuild" because "AlwaysCreate" was specified.
       ClCompile:
         c:\Program Files (x86)\Microsoft Visual Studio 10.0\VC\bin\CL.exe /c /ZI /nologo /W3 /WX- /Od /Oy- /D _MBCS /Gm /EHsc /RTC1 /MDd /GS /fp:precise /Zc:wchar_t /Zc:forScope /Fo"Debug\\" /Fd"Debug\vc100.pdb" /Gd /TP /analyze- /errorReport:prompt classwork.cpp
         classwork.cpp
       Link:
         c:\Program Files (x86)\Microsoft Visual Studio 10.0\VC\bin\link.exe /ERRORREPORT:PROMPT /OUT:"C:\Users\Kim\Downloads\School\C++ 2\Swatches\Debug\Swatches.exe" /NOLOGO kernel32.lib user32.lib gdi32.lib winspool.lib comdlg32.lib advapi32.lib shell32.lib ole32.lib oleaut32.lib uuid.lib odbc32.lib odbccp32.lib /MANIFEST /ManifestFile:"Debug\Swatches.exe.intermediate.manifest" /MANIFESTUAC:"level='asInvoker' uiAccess='false'" /DEBUG /PDB:"C:\Users\Kim\Downloads\School\C++ 2\Swatches\Debug\Swatches.pdb" /TLBID:1 /DYNAMICBASE /NXCOMPAT /IMPLIB:"C:\Users\Kim\Downloads\School\C++ 2\Swatches\Debug\Swatches.lib" /MACHINE:X86 Debug\classwork.obj
         Debug\StopWatch.obj
         LINK : C:\Users\Kim\Downloads\School\C++ 2\Swatches\Debug\Swatches.exe not found or not built by the last incremental link; performing full link
         Swatches.vcxproj -> C:\Users\Kim\Downloads\School\C++ 2\Swatches\Debug\Swatches.exe
       Manifest:
         C:\Program Files (x86)\Microsoft SDKs\Windows\v7.0A\bin\mt.exe /nologo /verbose /outputresource:"C:\Users\Kim\Downloads\School\C++ 2\Swatches\Debug\Swatches.exe;#1" /manifest Debug\Swatches.exe.intermediate.manifest
       FinalizeBuildStatus:
         Deleting file "Debug\Swatches.unsuccessfulbuild".
         Touching "Debug\Swatches.lastbuildstate".
     1>Done Building Project "C:\Users\Kim\Downloads\School\C++ 2\Swatches\Swatches\Swatches.vcxproj" (Build target(s)).

Build succeeded.

Time Elapsed 00:00:01.43
