Build started 9/11/2012 4:36:26 PM.
     1>Project "C:\Users\Kim\Downloads\School\C++ 2\Parking Meters\Parking Meters\Parking Meters.vcxproj" on node 2 (build target(s)).
     1>InitializeBuildStatus:
         Touching "Debug\Main Street Parking Meter.unsuccessfulbuild".
       ClCompile:
         All outputs are up-to-date.
       Link:
         c:\Program Files (x86)\Microsoft Visual Studio 10.0\VC\bin\link.exe /ERRORREPORT:PROMPT /OUT:"C:\Users\Kim\Downloads\School\C++ 2\Parking Meters\Debug\Main Street Parking Meter.exe" /NOLOGO kernel32.lib user32.lib gdi32.lib winspool.lib comdlg32.lib advapi32.lib shell32.lib ole32.lib oleaut32.lib uuid.lib odbc32.lib odbccp32.lib /MANIFEST /ManifestFile:"Debug\Main Street Parking Meter.exe.intermediate.manifest" /MANIFESTUAC:"level='asInvoker' uiAccess='false'" /DEBUG /PDB:"C:\Users\Kim\Downloads\School\C++ 2\Parking Meters\Debug\Main Street Parking Meter.pdb" /TLBID:1 /DYNAMICBASE /NXCOMPAT /IMPLIB:"C:\Users\Kim\Downloads\School\C++ 2\Parking Meters\Debug\Main Street Parking Meter.lib" /MACHINE:X86 Debug\ParkedCar.obj
         Debug\ParkingMeter.obj
         "Debug\Main Street.obj"
         Debug\ParkingTicket.obj
         Debug\PoliceOfficer.obj
         Parking Meters.vcxproj -> C:\Users\Kim\Downloads\School\C++ 2\Parking Meters\Debug\Main Street Parking Meter.exe
       Manifest:
         C:\Program Files (x86)\Microsoft SDKs\Windows\v7.0A\bin\mt.exe /nologo /verbose /outputresource:"C:\Users\Kim\Downloads\School\C++ 2\Parking Meters\Debug\Main Street Parking Meter.exe;#1" /manifest "Debug\Main Street Parking Meter.exe.intermediate.manifest"
       FinalizeBuildStatus:
         Deleting file "Debug\Main Street Parking Meter.unsuccessfulbuild".
         Touching "Debug\Main Street Parking Meter.lastbuildstate".
     1>Done Building Project "C:\Users\Kim\Downloads\School\C++ 2\Parking Meters\Parking Meters\Parking Meters.vcxproj" (build target(s)).

Build succeeded.

Time Elapsed 00:00:00.93
