Build started 9/18/2012 2:48:06 PM.
     1>Project "C:\Users\Kim\Downloads\School\C++ 2\Person and Customer Data\Person and Customer Data\Person and Customer Data.vcxproj" on node 2 (build target(s)).
     1>InitializeBuildStatus:
         Creating "Debug\Person and Customer Data.unsuccessfulbuild" because "AlwaysCreate" was specified.
       ClCompile:
         c:\Program Files (x86)\Microsoft Visual Studio 10.0\VC\bin\CL.exe /c /ZI /nologo /W3 /WX- /Od /Oy- /D _MBCS /Gm /EHsc /RTC1 /MDd /GS /fp:precise /Zc:wchar_t /Zc:forScope /Fo"Debug\\" /Fd"Debug\vc100.pdb" /Gd /TP /analyze- /errorReport:prompt CustomerData.cpp "Mailing List Registration.cpp" PersonData.cpp
         PersonData.cpp
         Mailing List Registration.cpp
         CustomerData.cpp
         Generating Code...
       Link:
         c:\Program Files (x86)\Microsoft Visual Studio 10.0\VC\bin\link.exe /ERRORREPORT:PROMPT /OUT:"C:\Users\Kim\Downloads\School\C++ 2\Person and Customer Data\Debug\Person and Customer Data.exe" /NOLOGO kernel32.lib user32.lib gdi32.lib winspool.lib comdlg32.lib advapi32.lib shell32.lib ole32.lib oleaut32.lib uuid.lib odbc32.lib odbccp32.lib /MANIFEST /ManifestFile:"Debug\Person and Customer Data.exe.intermediate.manifest" /MANIFESTUAC:"level='asInvoker' uiAccess='false'" /DEBUG /PDB:"C:\Users\Kim\Downloads\School\C++ 2\Person and Customer Data\Debug\Person and Customer Data.pdb" /TLBID:1 /DYNAMICBASE /NXCOMPAT /IMPLIB:"C:\Users\Kim\Downloads\School\C++ 2\Person and Customer Data\Debug\Person and Customer Data.lib" /MACHINE:X86 Debug\CustomerData.obj
         "Debug\Mailing List Registration.obj"
         Debug\PersonData.obj
         Person and Customer Data.vcxproj -> C:\Users\Kim\Downloads\School\C++ 2\Person and Customer Data\Debug\Person and Customer Data.exe
       Manifest:
         C:\Program Files (x86)\Microsoft SDKs\Windows\v7.0A\bin\mt.exe /nologo /verbose /outputresource:"C:\Users\Kim\Downloads\School\C++ 2\Person and Customer Data\Debug\Person and Customer Data.exe;#1" /manifest "Debug\Person and Customer Data.exe.intermediate.manifest"
       FinalizeBuildStatus:
         Deleting file "Debug\Person and Customer Data.unsuccessfulbuild".
         Touching "Debug\Person and Customer Data.lastbuildstate".
     1>Done Building Project "C:\Users\Kim\Downloads\School\C++ 2\Person and Customer Data\Person and Customer Data\Person and Customer Data.vcxproj" (build target(s)).

Build succeeded.

Time Elapsed 00:00:04.78
