Build started 9/10/2012 4:20:40 AM.
     1>Project "C:\Users\Kim\Downloads\School\C++ 2\NumDays\NumDays\NumDays.vcxproj" on node 2 (build target(s)).
     1>InitializeBuildStatus:
         Creating "Debug\NumDays.unsuccessfulbuild" because "AlwaysCreate" was specified.
       ClCompile:
         c:\Program Files (x86)\Microsoft Visual Studio 10.0\VC\bin\CL.exe /c /ZI /nologo /W3 /WX- /Od /Oy- /D _MBCS /Gm /EHsc /RTC1 /MDd /GS /fp:precise /Zc:wchar_t /Zc:forScope /Fo"Debug\\" /Fd"Debug\vc100.pdb" /Gd /TP /analyze- /errorReport:prompt "Day to Numbers.cpp"
         Day to Numbers.cpp
     1>c:\users\kim\downloads\school\c++ 2\numdays\numdays\day to numbers.cpp(34): warning C4101: 'temp' : unreferenced local variable
       Link:
         c:\Program Files (x86)\Microsoft Visual Studio 10.0\VC\bin\link.exe /ERRORREPORT:PROMPT /OUT:"C:\Users\Kim\Downloads\School\C++ 2\NumDays\Debug\NumDays.exe" /NOLOGO kernel32.lib user32.lib gdi32.lib winspool.lib comdlg32.lib advapi32.lib shell32.lib ole32.lib oleaut32.lib uuid.lib odbc32.lib odbccp32.lib /MANIFEST /ManifestFile:"Debug\NumDays.exe.intermediate.manifest" /MANIFESTUAC:"level='asInvoker' uiAccess='false'" /DEBUG /PDB:"C:\Users\Kim\Downloads\School\C++ 2\NumDays\Debug\NumDays.pdb" /TLBID:1 /DYNAMICBASE /NXCOMPAT /IMPLIB:"C:\Users\Kim\Downloads\School\C++ 2\NumDays\Debug\NumDays.lib" /MACHINE:X86 Debug\CashRegister.obj
         "Debug\Day to Numbers.obj"
         Debug\NumDays.obj
         LINK : C:\Users\Kim\Downloads\School\C++ 2\NumDays\Debug\NumDays.exe not found or not built by the last incremental link; performing full link
         NumDays.vcxproj -> C:\Users\Kim\Downloads\School\C++ 2\NumDays\Debug\NumDays.exe
       Manifest:
         C:\Program Files (x86)\Microsoft SDKs\Windows\v7.0A\bin\mt.exe /nologo /verbose /outputresource:"C:\Users\Kim\Downloads\School\C++ 2\NumDays\Debug\NumDays.exe;#1" /manifest Debug\NumDays.exe.intermediate.manifest
       FinalizeBuildStatus:
         Deleting file "Debug\NumDays.unsuccessfulbuild".
         Touching "Debug\NumDays.lastbuildstate".
     1>Done Building Project "C:\Users\Kim\Downloads\School\C++ 2\NumDays\NumDays\NumDays.vcxproj" (build target(s)).

Build succeeded.

Time Elapsed 00:00:01.55
